<?xml version="1.0" encoding="UTF-8"?>
<!-- Generated by org.testng.reporters.JUnitReportReporter -->
<testsuite skipped="0" hostname="DESKTOP-JCQPKTE" name="qaclickacademy.RESTAPITest" tests="2" failures="0" timestamp="2021-02-23T16:49:08 IST" time="0.003" errors="0">
  <testcase name="postJira" time="0.002" classname="qaclickacademy.RESTAPITest"/>
  <system-out/>
  <testcase name="deleteTwitter" time="0.001" classname="qaclickacademy.RESTAPITest"/>
  <system-out/>
</testsuite> <!-- qaclickacademy.RESTAPITest -->
