<?xml version="1.0" encoding="UTF-8"?>
<!-- Generated by org.testng.reporters.JUnitReportReporter -->
<testsuite skipped="0" hostname="DESKTOP-JCQPKTE" name="qaclickacademy.AppiumTest" tests="2" failures="0" timestamp="2021-02-23T16:48:48 IST" time="0.008" errors="0">
  <testcase name="IOSApps" time="0.007" classname="qaclickacademy.AppiumTest"/>
  <system-out/>
  <testcase name="NativeAPpAndroid" time="0.001" classname="qaclickacademy.AppiumTest"/>
  <system-out/>
</testsuite> <!-- qaclickacademy.AppiumTest -->
